<?xml version="1.0" encoding="UTF-8" ?>
<testsuite tests="7" failures="0" name="com.lonsec.util.test.CSVReturnsReaderTest" time="0.125" errors="0" skipped="0">
  <properties>
[...]
</properties>
  <testcase classname="com.lonsec.util.test.CSVReturnsReaderTest" name="testValidFileBatchModeLookup" time="0.063"/>
  <testcase classname="com.lonsec.util.test.CSVReturnsReaderTest" name="testParseError" time="0"/>
  <testcase classname="com.lonsec.util.test.CSVReturnsReaderTest" name="testValidTabFile" time="0"/>
  <testcase classname="com.lonsec.util.test.CSVReturnsReaderTest" name="testValidFileReadAndLookup" time="0"/>
  <testcase classname="com.lonsec.util.test.CSVReturnsReaderTest" name="testValidFileUnsupportedMode" time="0"/>
  <testcase classname="com.lonsec.util.test.CSVReturnsReaderTest" name="testFileNotFound" time="0.062"/>
  <testcase classname="com.lonsec.util.test.CSVReturnsReaderTest" name="testValidFileLookupAndRead" time="0"/>
</testsuite>